[INFO ] 2023-07-31 23:23:42.863 [main] BaseClass - url opened
[INFO ] 2023-07-31 23:23:46.710 [main] BaseClass - Clicked on search box successfully
[INFO ] 2023-07-31 23:23:46.711 [main] BaseClass - Entered 'jacket' in search box successfully
[INFO ] 2023-07-31 23:23:52.732 [main] BaseClass - Clicked on search button and Search functionality verified
[INFO ] 2023-07-31 23:23:55.318 [main] BaseClass - Home link working and verified
[INFO ] 2023-08-05 09:09:37.610 [main] BaseClass - url opened
[INFO ] 2023-08-05 09:09:39.460 [main] BaseClass - Browser Opened Successfully
[INFO ] 2023-08-05 09:09:45.308 [main] BaseClass - Sign In Link Clicked
[INFO ] 2023-08-05 09:10:46.720 [main] BaseClass - url opened
[INFO ] 2023-08-05 09:10:46.818 [main] BaseClass - Browser Opened Successfully
[INFO ] 2023-08-05 09:10:48.916 [main] BaseClass - Sign In Link Clicked
[INFO ] 2023-08-05 09:12:59.089 [main] BaseClass - url opened
[INFO ] 2023-08-05 09:12:59.179 [main] BaseClass - Browser Opened Successfully
[INFO ] 2023-08-05 09:13:03.709 [main] BaseClass - Sign In Link Clicked
[INFO ] 2023-08-05 10:11:44.202 [main] BaseClass - url opened
[INFO ] 2023-08-05 10:11:47.940 [main] BaseClass - Browser Opened Successfully
[INFO ] 2023-08-05 10:11:50.778 [main] BaseClass - Sign In Link Clicked
[INFO ] 2023-08-05 10:13:01.325 [main] BaseClass - url opened
[INFO ] 2023-08-05 10:13:01.483 [main] BaseClass - Clicked on search box
[INFO ] 2023-08-05 10:13:04.658 [main] BaseClass - Browser Opened Successfully
[INFO ] 2023-08-05 10:13:07.848 [main] BaseClass - Sign In Link Clicked
[INFO ] 2023-08-05 10:20:22.991 [main] BaseClass - url opened
[INFO ] 2023-08-05 10:20:23.195 [main] BaseClass - Clicked on search box
[INFO ] 2023-08-05 10:20:26.385 [main] BaseClass - Browser Opened Successfully
[INFO ] 2023-08-05 10:20:29.146 [main] BaseClass - Sign In Link Clicked
[INFO ] 2023-08-05 13:45:40.949 [main] BaseClass - url opened
[INFO ] 2023-08-05 13:45:41.144 [main] BaseClass - Clicked on search box
[INFO ] 2023-08-05 13:45:44.274 [main] BaseClass - Browser Opened Successfully
[INFO ] 2023-08-05 13:45:47.955 [main] BaseClass - Sign In Link Clicked
[INFO ] 2023-08-05 13:53:14.214 [main] BaseClass - url opened
[INFO ] 2023-08-05 13:53:14.355 [main] BaseClass - Clicked on search box
[INFO ] 2023-08-05 13:53:19.938 [main] BaseClass - Sign In Link Clicked
[INFO ] 2023-08-05 13:58:43.600 [main] BaseClass - url opened
[INFO ] 2023-08-05 13:58:43.791 [main] BaseClass - Clicked on search box
[INFO ] 2023-08-05 13:58:48.749 [main] BaseClass - Sign In Link Clicked
[INFO ] 2023-08-05 14:00:29.620 [main] BaseClass - url opened
[INFO ] 2023-08-05 14:00:29.758 [main] BaseClass - Clicked on search box
[INFO ] 2023-08-05 14:00:36.355 [main] BaseClass - Sign In Link Clicked
[INFO ] 2023-08-05 14:03:32.226 [main] BaseClass - url opened
[INFO ] 2023-08-05 14:03:32.364 [main] BaseClass - Clicked on search box
[INFO ] 2023-08-05 14:03:37.911 [main] BaseClass - Sign In Link Clicked
[INFO ] 2023-08-05 14:04:40.390 [main] BaseClass - url opened
[INFO ] 2023-08-05 14:04:40.554 [main] BaseClass - Clicked on search box
[INFO ] 2023-08-05 14:04:47.189 [main] BaseClass - Sign In Link Clicked
[INFO ] 2023-08-05 14:05:36.049 [main] BaseClass - url opened
[INFO ] 2023-08-05 14:05:36.194 [main] BaseClass - Clicked on search box
[INFO ] 2023-08-05 14:05:41.620 [main] BaseClass - Sign In Link Clicked
[INFO ] 2023-08-05 14:10:55.099 [main] BaseClass - url opened
[INFO ] 2023-08-05 14:10:55.277 [main] BaseClass - Clicked on search box
[INFO ] 2023-08-05 14:10:58.477 [main] BaseClass - Search box text verified
[INFO ] 2023-08-05 14:11:00.929 [main] BaseClass - Sign In Link Clicked
[INFO ] 2023-08-05 15:01:28.498 [main] BaseClass - url opened
[INFO ] 2023-08-05 15:01:28.669 [main] BaseClass - Clicked on search box
[INFO ] 2023-08-05 15:01:31.879 [main] BaseClass - Search box text verified
[INFO ] 2023-08-05 15:01:34.318 [main] BaseClass - Sign In link clicked
[INFO ] 2023-08-05 15:01:34.970 [main] BaseClass - Clicked on search box and entered 'Bags'
[INFO ] 2023-08-05 15:01:36.866 [main] BaseClass - Search button clicked
